<?xml version="1.0" encoding="UTF-8"?>
<!-- Generated by org.testng.reporters.JUnitXMLReporter -->
<testsuite ignored="0" hostname="Asplap1611" failures="0" tests="1" name="Test" time="0.116" errors="0" timestamp="2026-02-06T13:35:19 IST">
  <testcase classname="testCases.BaseClass" name="@BeforeClass setup" time="0.02">
    <failure type="java.io.FileNotFoundException" message=".\src\test\resources\cofig.properties (The system cannot find the file specified)">
      <![CDATA[java.io.FileNotFoundException: .\src\test\resources\cofig.properties (The system cannot find the file specified)
at java.base/java.io.FileInputStream.open0(Native Method)
at java.base/java.io.FileInputStream.open(FileInputStream.java:213)
at java.base/java.io.FileInputStream.<init>(FileInputStream.java:152)
at java.base/java.io.FileInputStream.<init>(FileInputStream.java:106)
at java.base/java.io.FileReader.<init>(FileReader.java:60)
at testCases.BaseClass.setup(BaseClass.java:30)
at java.base/java.util.ArrayList.forEach(ArrayList.java:1596)
... Removed 23 stack frames]]>
    </failure>
  </testcase> <!-- @BeforeClass setup -->
  <testcase classname="testCases.BaseClass" name="@AfterClass tearDown" time="0.0">
    <skipped/>
  </testcase> <!-- @AfterClass tearDown -->
  <testcase classname="testCases.TC002_LoginTest" name="verify_Login" time="0.0">
    <skipped/>
  </testcase> <!-- verify_Login -->
</testsuite> <!-- Test -->
