<?xml version="1.0" encoding="UTF-8"?>
<!-- Generated by org.testng.reporters.JUnitXMLReporter -->
<testsuite ignored="0" hostname="Asplap1611" failures="0" tests="1" name="Test" time="0.1" errors="0" timestamp="2026-02-05T16:42:04 IST">
  <testcase classname="testCases.BaseClass" name="@BeforeClass setup" time="-1.770289924885E9">
    <failure type="org.testng.TestNGException" message="
Parameter &amp;apos;os&amp;apos; is required by BeforeClass on method setup but has not been marked @Optional or defined
in C:\Users\kumaran.balakrishnan\Workspace\AmazonCart\testng.xml">
      <![CDATA[org.testng.TestNGException: 
Parameter 'os' is required by BeforeClass on method setup but has not been marked @Optional or defined
in C:\Users\kumaran.balakrishnan\Workspace\AmazonCart\testng.xml
at java.base/java.util.ArrayList.forEach(ArrayList.java:1596)
... Removed 22 stack frames]]>
    </failure>
  </testcase> <!-- @BeforeClass setup -->
  <testcase classname="testCases.BaseClass" name="@AfterClass tearDown" time="0.0">
    <skipped/>
  </testcase> <!-- @AfterClass tearDown -->
  <testcase classname="testCases.TC001_CartTest" name="verify_cartStatus" time="0.0">
    <skipped/>
  </testcase> <!-- verify_cartStatus -->
</testsuite> <!-- Test -->
